<?xml version="1.0" encoding="UTF-8"?>
<testsuite xmlns:xsi="http://www.w3.org/2001/XMLSchema-instance" xsi:noNamespaceSchemaLocation="https://maven.apache.org/surefire/maven-surefire-plugin/xsd/surefire-test-report-3.0.xsd" version="3.0" name="ManagerToStringTest" time="0.16" tests="6" errors="0" skipped="0" failures="0">
  <properties>
    <property name="java.specification.version" value="24"/>
    <property name="sun.cpu.isalist" value="amd64"/>
    <property name="sun.jnu.encoding" value="Cp1252"/>
    <property name="java.class.path" value="C:\Users\eriks\Documents\1. Duales Studium\ProjectHealthSphere\backend\target\test-classes;C:\Users\eriks\Documents\1. Duales Studium\ProjectHealthSphere\backend\target\classes;C:\Users\eriks\.m2\repository\org\springframework\boot\spring-boot-starter-web\3.2.5\spring-boot-starter-web-3.2.5.jar;C:\Users\eriks\.m2\repository\org\springframework\boot\spring-boot-starter\3.2.5\spring-boot-starter-3.2.5.jar;C:\Users\eriks\.m2\repository\org\springframework\boot\spring-boot\3.2.5\spring-boot-3.2.5.jar;C:\Users\eriks\.m2\repository\org\springframework\boot\spring-boot-autoconfigure\3.2.5\spring-boot-autoconfigure-3.2.5.jar;C:\Users\eriks\.m2\repository\org\springframework\boot\spring-boot-starter-logging\3.2.5\spring-boot-starter-logging-3.2.5.jar;C:\Users\eriks\.m2\repository\ch\qos\logback\logback-classic\1.4.14\logback-classic-1.4.14.jar;C:\Users\eriks\.m2\repository\ch\qos\logback\logback-core\1.4.14\logback-core-1.4.14.jar;C:\Users\eriks\.m2\repository\org\apache\logging\log4j\log4j-to-slf4j\2.21.1\log4j-to-slf4j-2.21.1.jar;C:\Users\eriks\.m2\repository\org\apache\logging\log4j\log4j-api\2.21.1\log4j-api-2.21.1.jar;C:\Users\eriks\.m2\repository\org\slf4j\jul-to-slf4j\2.0.13\jul-to-slf4j-2.0.13.jar;C:\Users\eriks\.m2\repository\jakarta\annotation\jakarta.annotation-api\2.1.1\jakarta.annotation-api-2.1.1.jar;C:\Users\eriks\.m2\repository\org\yaml\snakeyaml\2.2\snakeyaml-2.2.jar;C:\Users\eriks\.m2\repository\org\springframework\boot\spring-boot-starter-json\3.2.5\spring-boot-starter-json-3.2.5.jar;C:\Users\eriks\.m2\repository\com\fasterxml\jackson\datatype\jackson-datatype-jdk8\2.15.4\jackson-datatype-jdk8-2.15.4.jar;C:\Users\eriks\.m2\repository\com\fasterxml\jackson\datatype\jackson-datatype-jsr310\2.15.4\jackson-datatype-jsr310-2.15.4.jar;C:\Users\eriks\.m2\repository\com\fasterxml\jackson\module\jackson-module-parameter-names\2.15.4\jackson-module-parameter-names-2.15.4.jar;C:\Users\eriks\.m2\repository\org\springframework\boot\spring-boot-starter-tomcat\3.2.5\spring-boot-starter-tomcat-3.2.5.jar;C:\Users\eriks\.m2\repository\org\apache\tomcat\embed\tomcat-embed-core\10.1.20\tomcat-embed-core-10.1.20.jar;C:\Users\eriks\.m2\repository\org\apache\tomcat\embed\tomcat-embed-el\10.1.20\tomcat-embed-el-10.1.20.jar;C:\Users\eriks\.m2\repository\org\apache\tomcat\embed\tomcat-embed-websocket\10.1.20\tomcat-embed-websocket-10.1.20.jar;C:\Users\eriks\.m2\repository\org\springframework\spring-web\6.1.6\spring-web-6.1.6.jar;C:\Users\eriks\.m2\repository\org\springframework\spring-beans\6.1.6\spring-beans-6.1.6.jar;C:\Users\eriks\.m2\repository\io\micrometer\micrometer-observation\1.12.5\micrometer-observation-1.12.5.jar;C:\Users\eriks\.m2\repository\io\micrometer\micrometer-commons\1.12.5\micrometer-commons-1.12.5.jar;C:\Users\eriks\.m2\repository\org\springframework\spring-webmvc\6.1.6\spring-webmvc-6.1.6.jar;C:\Users\eriks\.m2\repository\org\springframework\spring-aop\6.1.6\spring-aop-6.1.6.jar;C:\Users\eriks\.m2\repository\org\springframework\spring-context\6.1.6\spring-context-6.1.6.jar;C:\Users\eriks\.m2\repository\org\springframework\spring-expression\6.1.6\spring-expression-6.1.6.jar;C:\Users\eriks\.m2\repository\com\fasterxml\jackson\core\jackson-databind\2.15.4\jackson-databind-2.15.4.jar;C:\Users\eriks\.m2\repository\com\fasterxml\jackson\core\jackson-annotations\2.15.4\jackson-annotations-2.15.4.jar;C:\Users\eriks\.m2\repository\com\fasterxml\jackson\core\jackson-core\2.15.4\jackson-core-2.15.4.jar;C:\Users\eriks\.m2\repository\org\springframework\boot\spring-boot-starter-test\3.2.5\spring-boot-starter-test-3.2.5.jar;C:\Users\eriks\.m2\repository\org\springframework\boot\spring-boot-test\3.2.5\spring-boot-test-3.2.5.jar;C:\Users\eriks\.m2\repository\org\springframework\boot\spring-boot-test-autoconfigure\3.2.5\spring-boot-test-autoconfigure-3.2.5.jar;C:\Users\eriks\.m2\repository\com\jayway\jsonpath\json-path\2.9.0\json-path-2.9.0.jar;C:\Users\eriks\.m2\repository\org\slf4j\slf4j-api\2.0.13\slf4j-api-2.0.13.jar;C:\Users\eriks\.m2\repository\jakarta\xml\bind\jakarta.xml.bind-api\4.0.2\jakarta.xml.bind-api-4.0.2.jar;C:\Users\eriks\.m2\repository\jakarta\activation\jakarta.activation-api\2.1.3\jakarta.activation-api-2.1.3.jar;C:\Users\eriks\.m2\repository\net\minidev\json-smart\2.5.1\json-smart-2.5.1.jar;C:\Users\eriks\.m2\repository\net\minidev\accessors-smart\2.5.1\accessors-smart-2.5.1.jar;C:\Users\eriks\.m2\repository\org\ow2\asm\asm\9.6\asm-9.6.jar;C:\Users\eriks\.m2\repository\org\assertj\assertj-core\3.24.2\assertj-core-3.24.2.jar;C:\Users\eriks\.m2\repository\net\bytebuddy\byte-buddy\1.14.13\byte-buddy-1.14.13.jar;C:\Users\eriks\.m2\repository\org\awaitility\awaitility\4.2.1\awaitility-4.2.1.jar;C:\Users\eriks\.m2\repository\org\hamcrest\hamcrest\2.2\hamcrest-2.2.jar;C:\Users\eriks\.m2\repository\org\junit\jupiter\junit-jupiter\5.10.2\junit-jupiter-5.10.2.jar;C:\Users\eriks\.m2\repository\org\junit\jupiter\junit-jupiter-api\5.10.2\junit-jupiter-api-5.10.2.jar;C:\Users\eriks\.m2\repository\org\opentest4j\opentest4j\1.3.0\opentest4j-1.3.0.jar;C:\Users\eriks\.m2\repository\org\junit\platform\junit-platform-commons\1.10.2\junit-platform-commons-1.10.2.jar;C:\Users\eriks\.m2\repository\org\apiguardian\apiguardian-api\1.1.2\apiguardian-api-1.1.2.jar;C:\Users\eriks\.m2\repository\org\junit\jupiter\junit-jupiter-params\5.10.2\junit-jupiter-params-5.10.2.jar;C:\Users\eriks\.m2\repository\org\junit\jupiter\junit-jupiter-engine\5.10.2\junit-jupiter-engine-5.10.2.jar;C:\Users\eriks\.m2\repository\org\junit\platform\junit-platform-engine\1.10.2\junit-platform-engine-1.10.2.jar;C:\Users\eriks\.m2\repository\org\mockito\mockito-core\5.7.0\mockito-core-5.7.0.jar;C:\Users\eriks\.m2\repository\net\bytebuddy\byte-buddy-agent\1.14.13\byte-buddy-agent-1.14.13.jar;C:\Users\eriks\.m2\repository\org\objenesis\objenesis\3.3\objenesis-3.3.jar;C:\Users\eriks\.m2\repository\org\mockito\mockito-junit-jupiter\5.7.0\mockito-junit-jupiter-5.7.0.jar;C:\Users\eriks\.m2\repository\org\skyscreamer\jsonassert\1.5.1\jsonassert-1.5.1.jar;C:\Users\eriks\.m2\repository\com\vaadin\external\google\android-json\0.0.20131108.vaadin1\android-json-0.0.20131108.vaadin1.jar;C:\Users\eriks\.m2\repository\org\springframework\spring-core\6.1.6\spring-core-6.1.6.jar;C:\Users\eriks\.m2\repository\org\springframework\spring-jcl\6.1.6\spring-jcl-6.1.6.jar;C:\Users\eriks\.m2\repository\org\springframework\spring-test\6.1.6\spring-test-6.1.6.jar;C:\Users\eriks\.m2\repository\org\xmlunit\xmlunit-core\2.9.1\xmlunit-core-2.9.1.jar;"/>
    <property name="java.vm.vendor" value="Oracle Corporation"/>
    <property name="sun.arch.data.model" value="64"/>
    <property name="user.variant" value=""/>
    <property name="java.vendor.url" value="https://java.oracle.com/"/>
    <property name="user.timezone" value="Europe/Berlin"/>
    <property name="os.name" value="Windows 11"/>
    <property name="java.vm.specification.version" value="24"/>
    <property name="sun.java.launcher" value="SUN_STANDARD"/>
    <property name="user.country" value="DE"/>
    <property name="sun.boot.library.path" value="C:\Program Files\Java\jdk-24\bin"/>
    <property name="sun.java.command" value="C:\Users\eriks\AppData\Local\Temp\surefire8223269225396310899\surefirebooter-20250803195112782_3.jar C:\Users\eriks\AppData\Local\Temp\surefire8223269225396310899 2025-08-03T19-51-12_700-jvmRun1 surefire-20250803195112782_1tmp surefire_0-20250803195112782_2tmp"/>
    <property name="jdk.debug" value="release"/>
    <property name="test" value="ManagerToStringTest"/>
    <property name="surefire.test.class.path" value="C:\Users\eriks\Documents\1. Duales Studium\ProjectHealthSphere\backend\target\test-classes;C:\Users\eriks\Documents\1. Duales Studium\ProjectHealthSphere\backend\target\classes;C:\Users\eriks\.m2\repository\org\springframework\boot\spring-boot-starter-web\3.2.5\spring-boot-starter-web-3.2.5.jar;C:\Users\eriks\.m2\repository\org\springframework\boot\spring-boot-starter\3.2.5\spring-boot-starter-3.2.5.jar;C:\Users\eriks\.m2\repository\org\springframework\boot\spring-boot\3.2.5\spring-boot-3.2.5.jar;C:\Users\eriks\.m2\repository\org\springframework\boot\spring-boot-autoconfigure\3.2.5\spring-boot-autoconfigure-3.2.5.jar;C:\Users\eriks\.m2\repository\org\springframework\boot\spring-boot-starter-logging\3.2.5\spring-boot-starter-logging-3.2.5.jar;C:\Users\eriks\.m2\repository\ch\qos\logback\logback-classic\1.4.14\logback-classic-1.4.14.jar;C:\Users\eriks\.m2\repository\ch\qos\logback\logback-core\1.4.14\logback-core-1.4.14.jar;C:\Users\eriks\.m2\repository\org\apache\logging\log4j\log4j-to-slf4j\2.21.1\log4j-to-slf4j-2.21.1.jar;C:\Users\eriks\.m2\repository\org\apache\logging\log4j\log4j-api\2.21.1\log4j-api-2.21.1.jar;C:\Users\eriks\.m2\repository\org\slf4j\jul-to-slf4j\2.0.13\jul-to-slf4j-2.0.13.jar;C:\Users\eriks\.m2\repository\jakarta\annotation\jakarta.annotation-api\2.1.1\jakarta.annotation-api-2.1.1.jar;C:\Users\eriks\.m2\repository\org\yaml\snakeyaml\2.2\snakeyaml-2.2.jar;C:\Users\eriks\.m2\repository\org\springframework\boot\spring-boot-starter-json\3.2.5\spring-boot-starter-json-3.2.5.jar;C:\Users\eriks\.m2\repository\com\fasterxml\jackson\datatype\jackson-datatype-jdk8\2.15.4\jackson-datatype-jdk8-2.15.4.jar;C:\Users\eriks\.m2\repository\com\fasterxml\jackson\datatype\jackson-datatype-jsr310\2.15.4\jackson-datatype-jsr310-2.15.4.jar;C:\Users\eriks\.m2\repository\com\fasterxml\jackson\module\jackson-module-parameter-names\2.15.4\jackson-module-parameter-names-2.15.4.jar;C:\Users\eriks\.m2\repository\org\springframework\boot\spring-boot-starter-tomcat\3.2.5\spring-boot-starter-tomcat-3.2.5.jar;C:\Users\eriks\.m2\repository\org\apache\tomcat\embed\tomcat-embed-core\10.1.20\tomcat-embed-core-10.1.20.jar;C:\Users\eriks\.m2\repository\org\apache\tomcat\embed\tomcat-embed-el\10.1.20\tomcat-embed-el-10.1.20.jar;C:\Users\eriks\.m2\repository\org\apache\tomcat\embed\tomcat-embed-websocket\10.1.20\tomcat-embed-websocket-10.1.20.jar;C:\Users\eriks\.m2\repository\org\springframework\spring-web\6.1.6\spring-web-6.1.6.jar;C:\Users\eriks\.m2\repository\org\springframework\spring-beans\6.1.6\spring-beans-6.1.6.jar;C:\Users\eriks\.m2\repository\io\micrometer\micrometer-observation\1.12.5\micrometer-observation-1.12.5.jar;C:\Users\eriks\.m2\repository\io\micrometer\micrometer-commons\1.12.5\micrometer-commons-1.12.5.jar;C:\Users\eriks\.m2\repository\org\springframework\spring-webmvc\6.1.6\spring-webmvc-6.1.6.jar;C:\Users\eriks\.m2\repository\org\springframework\spring-aop\6.1.6\spring-aop-6.1.6.jar;C:\Users\eriks\.m2\repository\org\springframework\spring-context\6.1.6\spring-context-6.1.6.jar;C:\Users\eriks\.m2\repository\org\springframework\spring-expression\6.1.6\spring-expression-6.1.6.jar;C:\Users\eriks\.m2\repository\com\fasterxml\jackson\core\jackson-databind\2.15.4\jackson-databind-2.15.4.jar;C:\Users\eriks\.m2\repository\com\fasterxml\jackson\core\jackson-annotations\2.15.4\jackson-annotations-2.15.4.jar;C:\Users\eriks\.m2\repository\com\fasterxml\jackson\core\jackson-core\2.15.4\jackson-core-2.15.4.jar;C:\Users\eriks\.m2\repository\org\springframework\boot\spring-boot-starter-test\3.2.5\spring-boot-starter-test-3.2.5.jar;C:\Users\eriks\.m2\repository\org\springframework\boot\spring-boot-test\3.2.5\spring-boot-test-3.2.5.jar;C:\Users\eriks\.m2\repository\org\springframework\boot\spring-boot-test-autoconfigure\3.2.5\spring-boot-test-autoconfigure-3.2.5.jar;C:\Users\eriks\.m2\repository\com\jayway\jsonpath\json-path\2.9.0\json-path-2.9.0.jar;C:\Users\eriks\.m2\repository\org\slf4j\slf4j-api\2.0.13\slf4j-api-2.0.13.jar;C:\Users\eriks\.m2\repository\jakarta\xml\bind\jakarta.xml.bind-api\4.0.2\jakarta.xml.bind-api-4.0.2.jar;C:\Users\eriks\.m2\repository\jakarta\activation\jakarta.activation-api\2.1.3\jakarta.activation-api-2.1.3.jar;C:\Users\eriks\.m2\repository\net\minidev\json-smart\2.5.1\json-smart-2.5.1.jar;C:\Users\eriks\.m2\repository\net\minidev\accessors-smart\2.5.1\accessors-smart-2.5.1.jar;C:\Users\eriks\.m2\repository\org\ow2\asm\asm\9.6\asm-9.6.jar;C:\Users\eriks\.m2\repository\org\assertj\assertj-core\3.24.2\assertj-core-3.24.2.jar;C:\Users\eriks\.m2\repository\net\bytebuddy\byte-buddy\1.14.13\byte-buddy-1.14.13.jar;C:\Users\eriks\.m2\repository\org\awaitility\awaitility\4.2.1\awaitility-4.2.1.jar;C:\Users\eriks\.m2\repository\org\hamcrest\hamcrest\2.2\hamcrest-2.2.jar;C:\Users\eriks\.m2\repository\org\junit\jupiter\junit-jupiter\5.10.2\junit-jupiter-5.10.2.jar;C:\Users\eriks\.m2\repository\org\junit\jupiter\junit-jupiter-api\5.10.2\junit-jupiter-api-5.10.2.jar;C:\Users\eriks\.m2\repository\org\opentest4j\opentest4j\1.3.0\opentest4j-1.3.0.jar;C:\Users\eriks\.m2\repository\org\junit\platform\junit-platform-commons\1.10.2\junit-platform-commons-1.10.2.jar;C:\Users\eriks\.m2\repository\org\apiguardian\apiguardian-api\1.1.2\apiguardian-api-1.1.2.jar;C:\Users\eriks\.m2\repository\org\junit\jupiter\junit-jupiter-params\5.10.2\junit-jupiter-params-5.10.2.jar;C:\Users\eriks\.m2\repository\org\junit\jupiter\junit-jupiter-engine\5.10.2\junit-jupiter-engine-5.10.2.jar;C:\Users\eriks\.m2\repository\org\junit\platform\junit-platform-engine\1.10.2\junit-platform-engine-1.10.2.jar;C:\Users\eriks\.m2\repository\org\mockito\mockito-core\5.7.0\mockito-core-5.7.0.jar;C:\Users\eriks\.m2\repository\net\bytebuddy\byte-buddy-agent\1.14.13\byte-buddy-agent-1.14.13.jar;C:\Users\eriks\.m2\repository\org\objenesis\objenesis\3.3\objenesis-3.3.jar;C:\Users\eriks\.m2\repository\org\mockito\mockito-junit-jupiter\5.7.0\mockito-junit-jupiter-5.7.0.jar;C:\Users\eriks\.m2\repository\org\skyscreamer\jsonassert\1.5.1\jsonassert-1.5.1.jar;C:\Users\eriks\.m2\repository\com\vaadin\external\google\android-json\0.0.20131108.vaadin1\android-json-0.0.20131108.vaadin1.jar;C:\Users\eriks\.m2\repository\org\springframework\spring-core\6.1.6\spring-core-6.1.6.jar;C:\Users\eriks\.m2\repository\org\springframework\spring-jcl\6.1.6\spring-jcl-6.1.6.jar;C:\Users\eriks\.m2\repository\org\springframework\spring-test\6.1.6\spring-test-6.1.6.jar;C:\Users\eriks\.m2\repository\org\xmlunit\xmlunit-core\2.9.1\xmlunit-core-2.9.1.jar;"/>
    <property name="sun.cpu.endian" value="little"/>
    <property name="user.home" value="C:\Users\eriks"/>
    <property name="user.language" value="de"/>
    <property name="java.specification.vendor" value="Oracle Corporation"/>
    <property name="java.version.date" value="2025-04-15"/>
    <property name="java.home" value="C:\Program Files\Java\jdk-24"/>
    <property name="file.separator" value="\"/>
    <property name="basedir" value="C:\Users\eriks\Documents\1. Duales Studium\ProjectHealthSphere\backend"/>
    <property name="java.vm.compressedOopsMode" value="Zero based"/>
    <property name="line.separator" value="&#10;"/>
    <property name="java.vm.specification.vendor" value="Oracle Corporation"/>
    <property name="java.specification.name" value="Java Platform API Specification"/>
    <property name="surefire.real.class.path" value="C:\Users\eriks\AppData\Local\Temp\surefire8223269225396310899\surefirebooter-20250803195112782_3.jar"/>
    <property name="user.script" value=""/>
    <property name="sun.management.compiler" value="HotSpot 64-Bit Tiered Compilers"/>
    <property name="java.runtime.version" value="24.0.1+9-30"/>
    <property name="user.name" value="eriks"/>
    <property name="stdout.encoding" value="Cp1252"/>
    <property name="path.separator" value=";"/>
    <property name="os.version" value="10.0"/>
    <property name="java.runtime.name" value="Java(TM) SE Runtime Environment"/>
    <property name="file.encoding" value="UTF-8"/>
    <property name="java.vm.name" value="Java HotSpot(TM) 64-Bit Server VM"/>
    <property name="localRepository" value="C:\Users\eriks\.m2\repository"/>
    <property name="java.vendor.url.bug" value="https://bugreport.java.com/bugreport/"/>
    <property name="java.io.tmpdir" value="C:\Users\eriks\AppData\Local\Temp\"/>
    <property name="java.version" value="24.0.1"/>
    <property name="user.dir" value="C:\Users\eriks\Documents\1. Duales Studium\ProjectHealthSphere\backend"/>
    <property name="os.arch" value="amd64"/>
    <property name="java.vm.specification.name" value="Java Virtual Machine Specification"/>
    <property name="sun.os.patch.level" value=""/>
    <property name="native.encoding" value="Cp1252"/>
    <property name="java.library.path" value="C:\Program Files\Java\jdk-24\bin;C:\WINDOWS\Sun\Java\bin;C:\WINDOWS\system32;C:\WINDOWS;C:\Program Files\Common Files\Oracle\Java\javapath;C:\Program Files (x86)\Razer Chroma SDK\bin;C:\Program Files\Razer Chroma SDK\bin;C:\Program Files (x86)\Razer\ChromaBroadcast\bin;C:\Program Files\Razer\ChromaBroadcast\bin;C:\Python312\Scripts\;C:\Python312\;C:\Program Files (x86)\NVIDIA Corporation\PhysX\Common;C:\WINDOWS\system32;C:\WINDOWS;C:\WINDOWS\System32\Wbem;C:\WINDOWS\System32\WindowsPowerShell\v1.0\;C:\WINDOWS\System32\OpenSSH\;C:\Program Files\Git\cmd;C:\ProgramData\chocolatey\bin;C:\Program Files\nodejs\;C:\WINDOWS\system32\config\systemprofile\AppData\Local\Microsoft\WindowsApps;C:\Users\eriks\AppData\Local\Microsoft\WindowsApps;C:\Users\eriks\AppData\Local\Programs\Microsoft VS Code\bin;C:\Users\eriks\AppData\Roaming\npm;C:\apacheMaven\apache-maven-3.9.10\bin;;C:\WINDOWS\system32;C:\WINDOWS;C:\WINDOWS\System32\Wbem;C:\WINDOWS\System32\WindowsPowerShell\v1.0\;C:\WINDOWS\System32\OpenSSH\;C:\Program Files\dotnet\;C:\Users\eriks\AppData\Local\Microsoft\WindowsApps;C:\Users\eriks\AppData\Local\Programs\Microsoft VS Code\bin;C:\Users\eriks\AppData\Roaming\npm;;."/>
    <property name="java.vm.info" value="mixed mode, sharing"/>
    <property name="stderr.encoding" value="Cp1252"/>
    <property name="java.vendor" value="Oracle Corporation"/>
    <property name="java.vm.version" value="24.0.1+9-30"/>
    <property name="sun.io.unicode.encoding" value="UnicodeLittle"/>
    <property name="java.class.version" value="68.0"/>
  </properties>
  <testcase name="testEmployeeManagerToString" classname="ManagerToStringTest" time="0.055">
    <system-out><![CDATA[
============================================================
SETUP: Erstelle Test-Manager und füge Test-Daten hinzu
============================================================
Daten erfolgreich aus wards.ser geladen.
Daten erfolgreich aus patients.ser geladen.
Daten erfolgreich in test_patients.ser gespeichert.
Daten erfolgreich aus wards.ser geladen.
Daten erfolgreich aus patients.ser geladen.
Daten erfolgreich in test_patients.ser gespeichert.
Daten erfolgreich aus wards.ser geladen.
Daten erfolgreich aus patients.ser geladen.
Daten erfolgreich in test_patients.ser gespeichert.
Daten erfolgreich in test_employees.ser gespeichert.
Daten erfolgreich in test_employees.ser gespeichert.
Daten erfolgreich in test_employees.ser gespeichert.
Daten erfolgreich in test_treatments.ser gespeichert.
Daten erfolgreich in test_treatments.ser gespeichert.
Daten erfolgreich in test_treatments.ser gespeichert.
✓ Test-Daten erfolgreich erstellt!

============================================================
TEST 2: PersonManager<Employee> toString() Ausgabe
============================================================
PersonManager{
  filename='test_employees.ser'
  autoSaveEnabled=true
  totalPersons=3
  personType='Employee'
  persons=[
    com.healthsphere.components.Employee@84
    com.healthsphere.components.Employee@85
    com.healthsphere.components.Employee@86
  ]
}

Kompakte Version:

============================================================
CLEANUP: Räume Test-Dateien auf
============================================================
✓ Test-Dateien erfolgreich gelöscht!
✓ Cleanup abgeschlossen!
]]></system-out>
    <system-err><![CDATA[Fehler beim Laden: test_patients.ser (Das System kann die angegebene Datei nicht finden)
Fehler beim Laden: test_employees.ser (Das System kann die angegebene Datei nicht finden)
]]></system-err>
  </testcase>
  <testcase name="testWardManagerToString" classname="ManagerToStringTest" time="0.024">
    <system-out><![CDATA[
============================================================
SETUP: Erstelle Test-Manager und füge Test-Daten hinzu
============================================================
Daten erfolgreich aus wards.ser geladen.
Daten erfolgreich aus patients.ser geladen.
Daten erfolgreich in test_patients.ser gespeichert.
Daten erfolgreich aus wards.ser geladen.
Daten erfolgreich aus patients.ser geladen.
Daten erfolgreich in test_patients.ser gespeichert.
Daten erfolgreich aus wards.ser geladen.
Daten erfolgreich aus patients.ser geladen.
Daten erfolgreich in test_patients.ser gespeichert.
Daten erfolgreich in test_employees.ser gespeichert.
Daten erfolgreich in test_employees.ser gespeichert.
Daten erfolgreich in test_employees.ser gespeichert.
Daten erfolgreich in test_treatments.ser gespeichert.
Daten erfolgreich in test_treatments.ser gespeichert.
Daten erfolgreich in test_treatments.ser gespeichert.
✓ Test-Daten erfolgreich erstellt!

============================================================
TEST 3: WardManager toString() Ausgabe
============================================================
Daten erfolgreich aus patients.ser geladen.
Daten erfolgreich aus patients.ser geladen.
Daten erfolgreich aus patients.ser geladen.
WardManager{
  filename='none'
  autoSaveEnabled=true
  totalWards=3
  wards=[
    Ward{id=1, name='Kardiologie', capacity=20, occupied=3, available=17, hasCapacity=true}
    Ward{id=2, name='Chirurgie', capacity=15, occupied=1, available=14, hasCapacity=true}
    Ward{id=3, name='Notaufnahme', capacity=10, occupied=3, available=7, hasCapacity=true}
  ]
}

Kompakte Version:

============================================================
CLEANUP: Räume Test-Dateien auf
============================================================
✓ Test-Dateien erfolgreich gelöscht!
✓ Cleanup abgeschlossen!
]]></system-out>
    <system-err><![CDATA[Fehler beim Laden: test_patients.ser (Das System kann die angegebene Datei nicht finden)
Fehler beim Laden: test_employees.ser (Das System kann die angegebene Datei nicht finden)
]]></system-err>
  </testcase>
  <testcase name="testTreatmentManagerToString" classname="ManagerToStringTest" time="0.026">
    <system-out><![CDATA[
============================================================
SETUP: Erstelle Test-Manager und füge Test-Daten hinzu
============================================================
Daten erfolgreich aus wards.ser geladen.
Daten erfolgreich aus patients.ser geladen.
Daten erfolgreich in test_patients.ser gespeichert.
Daten erfolgreich aus wards.ser geladen.
Daten erfolgreich aus patients.ser geladen.
Daten erfolgreich in test_patients.ser gespeichert.
Daten erfolgreich aus wards.ser geladen.
Daten erfolgreich aus patients.ser geladen.
Daten erfolgreich in test_patients.ser gespeichert.
Daten erfolgreich in test_employees.ser gespeichert.
Daten erfolgreich in test_employees.ser gespeichert.
Daten erfolgreich in test_employees.ser gespeichert.
Daten erfolgreich in test_treatments.ser gespeichert.
Daten erfolgreich in test_treatments.ser gespeichert.
Daten erfolgreich in test_treatments.ser gespeichert.
✓ Test-Daten erfolgreich erstellt!

============================================================
TEST 4: TreatmentManager toString() Ausgabe
============================================================
Daten erfolgreich aus patients.ser geladen.
Daten erfolgreich aus employees.ser geladen.
Daten erfolgreich aus patients.ser geladen.
Daten erfolgreich aus employees.ser geladen.
Daten erfolgreich aus patients.ser geladen.
Daten erfolgreich aus employees.ser geladen.
TreatmentManager{
  filename='test_treatments.ser'
  autoSaveEnabled=true
  totalTreatments=3
  treatments=[
    Treatment{id=1001, date=2025-08-01, therapy='EKG-Untersuchung', patient='Anna Meier', doctor='Unknown (ID:101)'}
    Treatment{id=1002, date=2025-08-02, therapy='Blutdruckmessung', patient='Ben Schulz', doctor='Unknown (ID:101)'}
    Treatment{id=1003, date=2025-08-03, therapy='Präoperative Untersuchung', patient='Kevin Hauser', doctor='Unknown (ID:102)'}
  ]
}

Kompakte Version:

============================================================
CLEANUP: Räume Test-Dateien auf
============================================================
✓ Test-Dateien erfolgreich gelöscht!
✓ Cleanup abgeschlossen!
]]></system-out>
    <system-err><![CDATA[Fehler beim Laden: test_patients.ser (Das System kann die angegebene Datei nicht finden)
Fehler beim Laden: test_employees.ser (Das System kann die angegebene Datei nicht finden)
]]></system-err>
  </testcase>
  <testcase name="testEmptyManagersToString" classname="ManagerToStringTest" time="0.017">
    <system-out><![CDATA[
============================================================
SETUP: Erstelle Test-Manager und füge Test-Daten hinzu
============================================================
Daten erfolgreich aus wards.ser geladen.
Daten erfolgreich aus patients.ser geladen.
Daten erfolgreich in test_patients.ser gespeichert.
Daten erfolgreich aus wards.ser geladen.
Daten erfolgreich aus patients.ser geladen.
Daten erfolgreich in test_patients.ser gespeichert.
Daten erfolgreich aus wards.ser geladen.
Daten erfolgreich aus patients.ser geladen.
Daten erfolgreich in test_patients.ser gespeichert.
Daten erfolgreich in test_employees.ser gespeichert.
Daten erfolgreich in test_employees.ser gespeichert.
Daten erfolgreich in test_employees.ser gespeichert.
Daten erfolgreich in test_treatments.ser gespeichert.
Daten erfolgreich in test_treatments.ser gespeichert.
Daten erfolgreich in test_treatments.ser gespeichert.
✓ Test-Daten erfolgreich erstellt!

============================================================
TEST 6: Leere Manager toString() Ausgabe
============================================================
Leerer PatientManager:
PersonManager{
  filename='none'
  autoSaveEnabled=true
  totalPersons=0
  persons=[]
}

Leerer WardManager:
WardManager{
  filename='none'
  autoSaveEnabled=true
  totalWards=0
  wards=[]
}

Leerer TreatmentManager:
TreatmentManager{
  filename='none'
  autoSaveEnabled=true
  totalTreatments=0
  treatments=[]
}

============================================================
CLEANUP: Räume Test-Dateien auf
============================================================
✓ Test-Dateien erfolgreich gelöscht!
✓ Cleanup abgeschlossen!
]]></system-out>
    <system-err><![CDATA[Fehler beim Laden: test_patients.ser (Das System kann die angegebene Datei nicht finden)
Fehler beim Laden: test_employees.ser (Das System kann die angegebene Datei nicht finden)
]]></system-err>
  </testcase>
  <testcase name="testPatientManagerToString" classname="ManagerToStringTest" time="0.016">
    <system-out><![CDATA[
============================================================
SETUP: Erstelle Test-Manager und füge Test-Daten hinzu
============================================================
Daten erfolgreich aus wards.ser geladen.
Daten erfolgreich aus patients.ser geladen.
Daten erfolgreich in test_patients.ser gespeichert.
Daten erfolgreich aus wards.ser geladen.
Daten erfolgreich aus patients.ser geladen.
Daten erfolgreich in test_patients.ser gespeichert.
Daten erfolgreich aus wards.ser geladen.
Daten erfolgreich aus patients.ser geladen.
Daten erfolgreich in test_patients.ser gespeichert.
Daten erfolgreich in test_employees.ser gespeichert.
Daten erfolgreich in test_employees.ser gespeichert.
Daten erfolgreich in test_employees.ser gespeichert.
Daten erfolgreich in test_treatments.ser gespeichert.
Daten erfolgreich in test_treatments.ser gespeichert.
Daten erfolgreich in test_treatments.ser gespeichert.
✓ Test-Daten erfolgreich erstellt!

============================================================
TEST 1: PersonManager<Patient> toString() Ausgabe
============================================================
PersonManager{
  filename='test_patients.ser'
  autoSaveEnabled=true
  totalPersons=3
  personType='Patient'
  persons=[
    com.healthsphere.components.Patient@20
    com.healthsphere.components.Patient@21
    com.healthsphere.components.Patient@22
  ]
}

Kompakte Version:

============================================================
CLEANUP: Räume Test-Dateien auf
============================================================
✓ Test-Dateien erfolgreich gelöscht!
✓ Cleanup abgeschlossen!
]]></system-out>
    <system-err><![CDATA[Fehler beim Laden: test_patients.ser (Das System kann die angegebene Datei nicht finden)
Fehler beim Laden: test_employees.ser (Das System kann die angegebene Datei nicht finden)
]]></system-err>
  </testcase>
  <testcase name="testSystemOverview" classname="ManagerToStringTest" time="0.018">
    <system-out><![CDATA[
============================================================
SETUP: Erstelle Test-Manager und füge Test-Daten hinzu
============================================================
Daten erfolgreich aus wards.ser geladen.
Daten erfolgreich aus patients.ser geladen.
Daten erfolgreich in test_patients.ser gespeichert.
Daten erfolgreich aus wards.ser geladen.
Daten erfolgreich aus patients.ser geladen.
Daten erfolgreich in test_patients.ser gespeichert.
Daten erfolgreich aus wards.ser geladen.
Daten erfolgreich aus patients.ser geladen.
Daten erfolgreich in test_patients.ser gespeichert.
Daten erfolgreich in test_employees.ser gespeichert.
Daten erfolgreich in test_employees.ser gespeichert.
Daten erfolgreich in test_employees.ser gespeichert.
Daten erfolgreich in test_treatments.ser gespeichert.
Daten erfolgreich in test_treatments.ser gespeichert.
Daten erfolgreich in test_treatments.ser gespeichert.
✓ Test-Daten erfolgreich erstellt!

============================================================
TEST 5: SYSTEM-ÜBERSICHT ALLER MANAGER
============================================================

📈 DETAILLIERTE KAPAZITÄTSANALYSE:
----------------------------------------
🏥 Kardiologie     | Kapazität: 20 | Belegt:  2 | Frei: 18 | Auslastung: 10,0%
🏥 Chirurgie       | Kapazität: 15 | Belegt:  1 | Frei: 14 | Auslastung: 6,7%
🏥 Notaufnahme     | Kapazität: 10 | Belegt:  0 | Frei: 10 | Auslastung: 0,0%

============================================================
CLEANUP: Räume Test-Dateien auf
============================================================
✓ Test-Dateien erfolgreich gelöscht!
✓ Cleanup abgeschlossen!
]]></system-out>
    <system-err><![CDATA[Fehler beim Laden: test_patients.ser (Das System kann die angegebene Datei nicht finden)
Fehler beim Laden: test_employees.ser (Das System kann die angegebene Datei nicht finden)
]]></system-err>
  </testcase>
</testsuite>